01-05-2020 12:47:51.470 [main] INFO  il.co.rtcohen.rt.Application.logStarting - Starting Application v3 on hana-pc with PID 5542 (/home/hana/dev/rt/RT/target/RT-3.jar started by hana in /home/hana/dev/rt/RT)
01-05-2020 12:47:51.474 [main] INFO  il.co.rtcohen.rt.Application.logStartupProfileInfo - The following profiles are active: demo
01-05-2020 12:47:51.530 [main] INFO  o.s.b.w.s.c.AnnotationConfigServletWebServerApplicationContext.prepareRefresh - Refreshing org.springframework.boot.web.servlet.context.AnnotationConfigServletWebServerApplicationContext@1b6e1eff: startup date [Fri May 01 12:47:51 IDT 2020]; root of context hierarchy
01-05-2020 12:47:52.281 [main] WARN  o.s.c.a.ConfigurationClassPostProcessor.enhanceConfigurationClasses - Cannot enhance @Configuration bean definition 'com.vaadin.spring.VaadinConfiguration' since its singleton instance has been created too early. The typical cause is a non-static @Bean method with a BeanDefinitionRegistryPostProcessor return type: Consider declaring such methods as 'static'.
01-05-2020 12:47:52.743 [main] INFO  o.s.c.s.PostProcessorRegistrationDelegate$BeanPostProcessorChecker.postProcessAfterInitialization - Bean 'org.springframework.transaction.annotation.ProxyTransactionManagementConfiguration' of type [org.springframework.transaction.annotation.ProxyTransactionManagementConfiguration$$EnhancerBySpringCGLIB$$2d1c543c] is not eligible for getting processed by all BeanPostProcessors (for example: not eligible for auto-proxying)
01-05-2020 12:47:53.222 [main] INFO  o.s.b.w.e.tomcat.TomcatWebServer.initialize - Tomcat initialized with port(s): 8090 (http)
01-05-2020 12:47:53.269 [main] INFO  o.a.catalina.core.StandardService.log - Starting service [Tomcat]
01-05-2020 12:47:53.270 [main] INFO  o.a.catalina.core.StandardEngine.log - Starting Servlet Engine: Apache Tomcat/8.5.29
01-05-2020 12:47:53.283 [localhost-startStop-1] INFO  o.a.c.core.AprLifecycleListener.log - The APR based Apache Tomcat Native library which allows optimal performance in production environments was not found on the java.library.path: [:/home/hana/git/hana-infinity-labs/ds/lib:/usr/java/packages/lib:/usr/lib/x86_64-linux-gnu/jni:/lib/x86_64-linux-gnu:/usr/lib/x86_64-linux-gnu:/usr/lib/jni:/lib:/usr/lib]
01-05-2020 12:47:53.386 [localhost-startStop-1] INFO  o.a.c.c.C.[Tomcat].[localhost].[/].log - Initializing Spring embedded WebApplicationContext
01-05-2020 12:47:53.386 [localhost-startStop-1] INFO  o.s.web.context.ContextLoader.prepareWebApplicationContext - Root WebApplicationContext: initialization completed in 1856 ms
01-05-2020 12:47:53.466 [localhost-startStop-1] INFO  c.v.s.b.i.VaadinServletConfiguration.createServletRegistrationBean - Registering Vaadin servlet
01-05-2020 12:47:53.467 [localhost-startStop-1] INFO  c.v.s.b.i.VaadinServletConfiguration.createServletRegistrationBean - Servlet will be mapped to URLs [/vaadinServlet/*, /VAADIN/*]
01-05-2020 12:47:53.483 [localhost-startStop-1] INFO  c.v.s.b.i.VaadinServletConfiguration.addInitParameters - Setting servlet init parameters
01-05-2020 12:47:53.483 [localhost-startStop-1] INFO  c.v.s.b.i.VaadinServletConfiguration.addInitParameter - Set servlet init parameter [productionMode] = [true]
01-05-2020 12:47:53.483 [localhost-startStop-1] INFO  c.v.s.b.i.VaadinServletConfiguration.addInitParameter - Set servlet init parameter [resourceCacheTime] = [3600]
01-05-2020 12:47:53.484 [localhost-startStop-1] INFO  c.v.s.b.i.VaadinServletConfiguration.addInitParameter - Set servlet init parameter [heartbeatInterval] = [300]
01-05-2020 12:47:53.484 [localhost-startStop-1] INFO  c.v.s.b.i.VaadinServletConfiguration.addInitParameter - Set servlet init parameter [closeIdleSessions] = [false]
01-05-2020 12:47:53.560 [localhost-startStop-1] INFO  o.s.b.w.s.ServletRegistrationBean.addRegistration - Servlet dispatcherServlet mapped to [/]
01-05-2020 12:47:53.562 [localhost-startStop-1] INFO  o.s.b.w.s.ServletRegistrationBean.addRegistration - Servlet springVaadinServlet mapped to [/vaadinServlet/*, /VAADIN/*]
01-05-2020 12:47:53.563 [localhost-startStop-1] INFO  o.s.b.w.s.ServletRegistrationBean.addRegistration - Servlet webServlet mapped to [/h2/*]
01-05-2020 12:47:53.568 [localhost-startStop-1] INFO  o.s.b.w.s.FilterRegistrationBean.configure - Mapping filter: 'characterEncodingFilter' to: [/*]
01-05-2020 12:47:53.569 [localhost-startStop-1] INFO  o.s.b.w.s.FilterRegistrationBean.configure - Mapping filter: 'hiddenHttpMethodFilter' to: [/*]
01-05-2020 12:47:53.569 [localhost-startStop-1] INFO  o.s.b.w.s.FilterRegistrationBean.configure - Mapping filter: 'httpPutFormContentFilter' to: [/*]
01-05-2020 12:47:53.569 [localhost-startStop-1] INFO  o.s.b.w.s.FilterRegistrationBean.configure - Mapping filter: 'requestContextFilter' to: [/*]
01-05-2020 12:47:53.633 [main] INFO  o.s.j.d.DriverManagerDataSource.setDriverClassName - Loaded JDBC driver: org.h2.Driver
01-05-2020 12:47:53.912 [main] INFO  o.s.jdbc.datasource.init.ScriptUtils.executeSqlScript - Executing SQL script from URL [jar:file:/home/hana/dev/rt/RT/target/RT-3.jar!/BOOT-INF/classes!/schema.sql]
01-05-2020 12:47:53.954 [main] INFO  o.s.jdbc.datasource.init.ScriptUtils.executeSqlScript - Executed SQL script from URL [jar:file:/home/hana/dev/rt/RT/target/RT-3.jar!/BOOT-INF/classes!/schema.sql] in 41 ms.
01-05-2020 12:47:53.991 [main] INFO  o.s.jdbc.datasource.init.ScriptUtils.executeSqlScript - Executing SQL script from URL [jar:file:/home/hana/dev/rt/RT/target/RT-3.jar!/BOOT-INF/classes!/data.sql]
01-05-2020 12:47:54.006 [main] INFO  o.s.jdbc.datasource.init.ScriptUtils.executeSqlScript - Executed SQL script from URL [jar:file:/home/hana/dev/rt/RT/target/RT-3.jar!/BOOT-INF/classes!/data.sql] in 15 ms.
01-05-2020 12:47:54.242 [main] INFO  o.s.w.s.h.SimpleUrlHandlerMapping.registerHandler - Mapped URL path [/**/favicon.ico] onto handler of type [class org.springframework.web.servlet.resource.ResourceHttpRequestHandler]
01-05-2020 12:47:54.514 [main] INFO  o.s.w.s.m.m.a.RequestMappingHandlerAdapter.initControllerAdviceCache - Looking for @ControllerAdvice: org.springframework.boot.web.servlet.context.AnnotationConfigServletWebServerApplicationContext@1b6e1eff: startup date [Fri May 01 12:47:51 IDT 2020]; root of context hierarchy
01-05-2020 12:47:54.605 [main] INFO  o.s.w.s.m.m.a.RequestMappingHandlerMapping.register - Mapped "{[/error],produces=[text/html]}" onto public org.springframework.web.servlet.ModelAndView org.springframework.boot.autoconfigure.web.servlet.error.BasicErrorController.errorHtml(javax.servlet.http.HttpServletRequest,javax.servlet.http.HttpServletResponse)
01-05-2020 12:47:54.607 [main] INFO  o.s.w.s.m.m.a.RequestMappingHandlerMapping.register - Mapped "{[/error]}" onto public org.springframework.http.ResponseEntity<java.util.Map<java.lang.String, java.lang.Object>> org.springframework.boot.autoconfigure.web.servlet.error.BasicErrorController.error(javax.servlet.http.HttpServletRequest)
01-05-2020 12:47:54.640 [main] INFO  o.s.w.s.h.SimpleUrlHandlerMapping.registerHandler - Mapped URL path [/webjars/**] onto handler of type [class org.springframework.web.servlet.resource.ResourceHttpRequestHandler]
01-05-2020 12:47:54.640 [main] INFO  o.s.w.s.h.SimpleUrlHandlerMapping.registerHandler - Mapped URL path [/**] onto handler of type [class org.springframework.web.servlet.resource.ResourceHttpRequestHandler]
01-05-2020 12:47:54.848 [main] INFO  c.v.s.b.i.VaadinServletConfiguration.getUIPaths - Checking the application context for Vaadin UI mappings
01-05-2020 12:47:54.852 [main] INFO  c.v.s.b.i.VaadinServletConfiguration.vaadinUiForwardingController - Registering Vaadin servlet of type [com.vaadin.spring.server.SpringVaadinServlet]
01-05-2020 12:47:54.858 [main] INFO  c.v.s.b.i.VaadinServletConfiguration.vaadinUiForwardingHandlerMapping - Forwarding @SpringUI URLs from {/editCall=org.springframework.web.servlet.mvc.ServletForwardingController@265c5d69, /editCall/=org.springframework.web.servlet.mvc.ServletForwardingController@265c5d69, /print/=org.springframework.web.servlet.mvc.ServletForwardingController@265c5d69, /editSite/=org.springframework.web.servlet.mvc.ServletForwardingController@265c5d69, /bigScreen=org.springframework.web.servlet.mvc.ServletForwardingController@265c5d69, /editSite=org.springframework.web.servlet.mvc.ServletForwardingController@265c5d69, /print=org.springframework.web.servlet.mvc.ServletForwardingController@265c5d69, /bigScreen/=org.springframework.web.servlet.mvc.ServletForwardingController@265c5d69, /=org.springframework.web.servlet.mvc.ServletForwardingController@265c5d69}
01-05-2020 12:47:54.859 [main] INFO  o.s.w.s.h.SimpleUrlHandlerMapping.registerHandler - Mapped URL path [/editCall] onto handler of type [class org.springframework.web.servlet.mvc.ServletForwardingController]
01-05-2020 12:47:54.860 [main] INFO  o.s.w.s.h.SimpleUrlHandlerMapping.registerHandler - Mapped URL path [/editCall/] onto handler of type [class org.springframework.web.servlet.mvc.ServletForwardingController]
01-05-2020 12:47:54.860 [main] INFO  o.s.w.s.h.SimpleUrlHandlerMapping.registerHandler - Mapped URL path [/print/] onto handler of type [class org.springframework.web.servlet.mvc.ServletForwardingController]
01-05-2020 12:47:54.860 [main] INFO  o.s.w.s.h.SimpleUrlHandlerMapping.registerHandler - Mapped URL path [/editSite/] onto handler of type [class org.springframework.web.servlet.mvc.ServletForwardingController]
01-05-2020 12:47:54.860 [main] INFO  o.s.w.s.h.SimpleUrlHandlerMapping.registerHandler - Mapped URL path [/bigScreen] onto handler of type [class org.springframework.web.servlet.mvc.ServletForwardingController]
01-05-2020 12:47:54.860 [main] INFO  o.s.w.s.h.SimpleUrlHandlerMapping.registerHandler - Mapped URL path [/editSite] onto handler of type [class org.springframework.web.servlet.mvc.ServletForwardingController]
01-05-2020 12:47:54.861 [main] INFO  o.s.w.s.h.SimpleUrlHandlerMapping.registerHandler - Mapped URL path [/print] onto handler of type [class org.springframework.web.servlet.mvc.ServletForwardingController]
01-05-2020 12:47:54.861 [main] INFO  o.s.w.s.h.SimpleUrlHandlerMapping.registerHandler - Mapped URL path [/bigScreen/] onto handler of type [class org.springframework.web.servlet.mvc.ServletForwardingController]
01-05-2020 12:47:54.861 [main] INFO  o.s.w.s.h.SimpleUrlHandlerMapping.registerHandler - Root mapping to handler of type [class org.springframework.web.servlet.mvc.ServletForwardingController]
01-05-2020 12:47:55.164 [main] INFO  o.s.j.e.a.AnnotationMBeanExporter.afterSingletonsInstantiated - Registering beans for JMX exposure on startup
01-05-2020 12:47:55.200 [main] INFO  o.s.b.w.e.tomcat.TomcatWebServer.start - Tomcat started on port(s): 8090 (http) with context path ''
01-05-2020 12:47:55.207 [main] INFO  il.co.rtcohen.rt.Application.logStarted - Started Application in 4.434 seconds (JVM running for 4.902)
01-05-2020 12:48:01.960 [http-nio-8090-exec-1] INFO  o.a.c.c.C.[Tomcat].[localhost].[/].log - Initializing Spring FrameworkServlet 'dispatcherServlet'
01-05-2020 12:48:01.960 [http-nio-8090-exec-1] INFO  o.s.web.servlet.DispatcherServlet.initServletBean - FrameworkServlet 'dispatcherServlet': initialization started
01-05-2020 12:48:01.989 [http-nio-8090-exec-1] INFO  o.s.web.servlet.DispatcherServlet.initServletBean - FrameworkServlet 'dispatcherServlet': initialization completed in 28 ms
01-05-2020 12:48:09.325 [http-nio-8090-exec-9] INFO  i.c.r.rt.app.views.CustomerView.createView - Parameters map  []
01-05-2020 13:02:03.971 [Thread-2] INFO  o.s.b.w.s.c.AnnotationConfigServletWebServerApplicationContext.doClose - Closing org.springframework.boot.web.servlet.context.AnnotationConfigServletWebServerApplicationContext@1b6e1eff: startup date [Fri May 01 12:47:51 IDT 2020]; root of context hierarchy
01-05-2020 13:02:03.978 [Thread-2] INFO  o.s.j.e.a.AnnotationMBeanExporter.destroy - Unregistering JMX-exposed beans on shutdown
